#
# There is insufficient memory for the Java Runtime Environment to continue.
# Native memory allocation (malloc) failed to allocate 1782336 bytes for Chunk::new
# Possible reasons:
#   The system is out of physical RAM or swap space
#   In 32 bit mode, the process size limit was hit
# Possible solutions:
#   Reduce memory load on the system
#   Increase physical memory or swap space
#   Check if swap backing store is full
#   Use 64 bit Java on a 64 bit OS
#   Decrease Java heap size (-Xmx/-Xms)
#   Decrease number of Java threads
#   Decrease Java thread stack sizes (-Xss)
#   Set larger code cache with -XX:ReservedCodeCacheSize=
# This output file may be truncated or incomplete.
#
#  Out of Memory Error (allocation.cpp:390), pid=12296, tid=10308
#
# JRE version: Java(TM) SE Runtime Environment (8.0_45-b15) (build 1.8.0_45-b15)
# Java VM: Java HotSpot(TM) 64-Bit Server VM (25.45-b02 mixed mode windows-amd64 compressed oops)
# Failed to write core dump. Minidumps are not enabled by default on client versions of Windows
#

---------------  T H R E A D  ---------------

Current thread (0x000000001838e800):  JavaThread "C2 CompilerThread1" daemon [_thread_in_native, id=10308, stack(0x0000000018a60000,0x0000000018b60000)]

Stack: [0x0000000018a60000,0x0000000018b60000]
Native frames: (J=compiled Java code, j=interpreted, Vv=VM code, C=native code)
V  [jvm.dll+0x32b57a]
V  [jvm.dll+0x279873]
V  [jvm.dll+0x27a509]
V  [jvm.dll+0x271825]
V  [jvm.dll+0xcb9e2]
V  [jvm.dll+0xcbeac]
V  [jvm.dll+0x476ef2]
V  [jvm.dll+0x4b955f]
V  [jvm.dll+0x46bf81]
V  [jvm.dll+0x46ccbe]
V  [jvm.dll+0x4500f2]
V  [jvm.dll+0xa4352]
V  [jvm.dll+0xa4c8f]
V  [jvm.dll+0x241984]
V  [jvm.dll+0x29853a]
C  [msvcr100.dll+0x21d9f]
C  [msvcr100.dll+0x21e3b]
C  [KERNEL32.DLL+0x8364]
C  [ntdll.dll+0x670d1]


Current CompileTask:
C2:  35482 6268       4       java.lang.Class::privateGetPublicMethods (267 bytes)


---------------  P R O C E S S  ---------------

Java Threads: ( => current thread )
  0x000000001a34c800 JavaThread "pool-2-thread-1" [_thread_blocked, id=6700, stack(0x000000001fac0000,0x000000001fbc0000)]
  0x000000001a33c000 JavaThread "File lock request listener" [_thread_in_native, id=8600, stack(0x000000001cd60000,0x000000001ce60000)]
  0x0000000019e91000 JavaThread "Stdin handler" [_thread_blocked, id=4016, stack(0x000000001b590000,0x000000001b690000)]
  0x000000001a0cd000 JavaThread "Asynchronous log dispatcher for org.gradle.launcher.daemon.server.DefaultDaemonConnection@397494b" [_thread_blocked, id=8632, stack(0x000000001b490000,0x000000001b590000)]
  0x000000001a0cc000 JavaThread "Daemon worker" [_thread_in_native, id=3532, stack(0x000000001b390000,0x000000001b490000)]
  0x0000000019e8b000 JavaThread "Cancel handler" [_thread_blocked, id=9152, stack(0x000000001b290000,0x000000001b390000)]
  0x000000001a0bc800 JavaThread "Handler for socket connection from /127.0.0.1:53517 to /127.0.0.1:53518" [_thread_in_native, id=4636, stack(0x000000001b190000,0x000000001b290000)]
  0x000000001a0ba800 JavaThread "Daemon" [_thread_blocked, id=7724, stack(0x000000001b090000,0x000000001b190000)]
  0x0000000019bd6000 JavaThread "Incoming local TCP Connector on port 53517" [_thread_in_native, id=1444, stack(0x000000001ac40000,0x000000001ad40000)]
  0x0000000019b86000 JavaThread "pool-1-thread-1" [_thread_blocked, id=13196, stack(0x000000001a730000,0x000000001a830000)]
  0x0000000018440000 JavaThread "Service Thread" daemon [_thread_blocked, id=11856, stack(0x0000000018d60000,0x0000000018e60000)]
  0x00000000183a1000 JavaThread "C1 CompilerThread3" daemon [_thread_blocked, id=5880, stack(0x0000000018c60000,0x0000000018d60000)]
  0x0000000018392800 JavaThread "C2 CompilerThread2" daemon [_thread_in_native, id=232, stack(0x0000000018b60000,0x0000000018c60000)]
=>0x000000001838e800 JavaThread "C2 CompilerThread1" daemon [_thread_in_native, id=10308, stack(0x0000000018a60000,0x0000000018b60000)]
  0x0000000018387800 JavaThread "C2 CompilerThread0" daemon [_thread_in_native, id=5960, stack(0x0000000018960000,0x0000000018a60000)]
  0x0000000018386000 JavaThread "Attach Listener" daemon [_thread_blocked, id=11368, stack(0x0000000018860000,0x0000000018960000)]
  0x0000000018385000 JavaThread "Signal Dispatcher" daemon [_thread_blocked, id=12020, stack(0x0000000018760000,0x0000000018860000)]
  0x0000000002569000 JavaThread "Finalizer" daemon [_thread_blocked, id=7908, stack(0x0000000018250000,0x0000000018350000)]
  0x0000000002562000 JavaThread "Reference Handler" daemon [_thread_blocked, id=10792, stack(0x0000000018150000,0x0000000018250000)]
  0x00000000003ed800 JavaThread "main" [_thread_blocked, id=12080, stack(0x0000000002370000,0x0000000002470000)]

Other Threads:
  0x0000000016359800 VMThread [stack: 0x0000000018050000,0x0000000018150000] [id=11648]
  0x0000000018440800 WatcherThread [stack: 0x0000000018e60000,0x0000000018f60000] [id=6816]

VM state:not at safepoint (normal execution)

VM Mutex/Monitor currently owned by a thread: None

Heap:
 PSYoungGen      total 138752K, used 33869K [0x00000000e0000000, 0x00000000e9480000, 0x0000000100000000)
  eden space 127488K, 17% used [0x00000000e0000000,0x00000000e161af20,0x00000000e7c80000)
  from space 11264K, 99% used [0x00000000e8900000,0x00000000e93f84e0,0x00000000e9400000)
  to   space 12288K, 0% used [0x00000000e7c80000,0x00000000e7c80000,0x00000000e8880000)
 ParOldGen       total 80384K, used 34574K [0x00000000a0000000, 0x00000000a4e80000, 0x00000000e0000000)
  object space 80384K, 43% used [0x00000000a0000000,0x00000000a21c3b90,0x00000000a4e80000)
 Metaspace       used 51453K, capacity 53344K, committed 53504K, reserved 1095680K
  class space    used 7184K, capacity 7594K, committed 7680K, reserved 1048576K

Card table byte_map: [0x0000000011940000,0x0000000011c50000] byte_map_base: 0x0000000011440000

Marking Bits: (ParMarkBitMap*) 0x00000000642e4040
 Begin Bits: [0x0000000012650000, 0x0000000013e50000)
 End Bits:   [0x0000000013e50000, 0x0000000015650000)

Polling page: 0x0000000000720000

CodeCache: size=245760Kb used=21727Kb max_used=21727Kb free=224032Kb
 bounds [0x0000000002580000, 0x0000000003ad0000, 0x0000000011580000]
 total_blobs=6772 nmethods=6067 adapters=616
 compilation: enabled

Compilation events (10 events):
Event: 35.218 Thread 0x00000000183a1000 6790       3       com.android.builder.dependency.LibraryDependency::hashCode (25 bytes)
Event: 35.218 Thread 0x00000000183a1000 nmethod 6790 0x0000000002e6ce50 code [0x0000000002e6d020, 0x0000000002e6d7b8]
Event: 35.218 Thread 0x00000000183a1000 6791       3       com.android.builder.dependency.HashCodeUtils::hashCode (239 bytes)
Event: 35.219 Thread 0x00000000183a1000 nmethod 6791 0x0000000002e6b910 code [0x0000000002e6bb40, 0x0000000002e6ca08]
Event: 35.219 Thread 0x00000000183a1000 6792       3       com.google.common.collect.RegularImmutableList::get (21 bytes)
Event: 35.220 Thread 0x00000000183a1000 nmethod 6792 0x00000000030c25d0 code [0x00000000030c2760, 0x00000000030c2b18]
Event: 35.379 Thread 0x00000000183a1000 6794       3       com.android.builder.dependency.AbstractBundleDependency::hashCode (40 bytes)
Event: 35.379 Thread 0x00000000183a1000 nmethod 6794 0x0000000002e6b510 code [0x0000000002e6b680, 0x0000000002e6b848]
Event: 35.379 Thread 0x00000000183a1000 6793       3       com.android.builder.dependency.HashCodeUtils::hashCode (72 bytes)
Event: 35.380 Thread 0x00000000183a1000 nmethod 6793 0x00000000030c1d50 code [0x00000000030c1ee0, 0x00000000030c2448]

GC Heap History (10 events):
Event: 13.546 GC heap before
{Heap before GC invocations=12 (full 2):
 PSYoungGen      total 99328K, used 7381K [0x00000000e0000000, 0x00000000e7a80000, 0x0000000100000000)
  eden space 88064K, 0% used [0x00000000e0000000,0x00000000e0000000,0x00000000e5600000)
  from space 11264K, 65% used [0x00000000e6100000,0x00000000e6835588,0x00000000e6c00000)
  to   space 11264K, 0% used [0x00000000e5600000,0x00000000e5600000,0x00000000e6100000)
 ParOldGen       total 65536K, used 9948K [0x00000000a0000000, 0x00000000a4000000, 0x00000000e0000000)
  object space 65536K, 15% used [0x00000000a0000000,0x00000000a09b72d8,0x00000000a4000000)
 Metaspace       used 34563K, capacity 35298K, committed 35456K, reserved 1079296K
  class space    used 4758K, capacity 4978K, committed 4992K, reserved 1048576K
Event: 13.625 GC heap after
Heap after GC invocations=12 (full 2):
 PSYoungGen      total 99328K, used 0K [0x00000000e0000000, 0x00000000e7a80000, 0x0000000100000000)
  eden space 88064K, 0% used [0x00000000e0000000,0x00000000e0000000,0x00000000e5600000)
  from space 11264K, 0% used [0x00000000e6100000,0x00000000e6100000,0x00000000e6c00000)
  to   space 11264K, 0% used [0x00000000e5600000,0x00000000e5600000,0x00000000e6100000)
 ParOldGen       total 80384K, used 15130K [0x00000000a0000000, 0x00000000a4e80000, 0x00000000e0000000)
  object space 80384K, 18% used [0x00000000a0000000,0x00000000a0ec6ae8,0x00000000a4e80000)
 Metaspace       used 34563K, capacity 35298K, committed 35456K, reserved 1079296K
  class space    used 4758K, capacity 4978K, committed 4992K, reserved 1048576K
}
Event: 24.525 GC heap before
{Heap before GC invocations=13 (full 2):
 PSYoungGen      total 99328K, used 88064K [0x00000000e0000000, 0x00000000e7a80000, 0x0000000100000000)
  eden space 88064K, 100% used [0x00000000e0000000,0x00000000e5600000,0x00000000e5600000)
  from space 11264K, 0% used [0x00000000e6100000,0x00000000e6100000,0x00000000e6c00000)
  to   space 11264K, 0% used [0x00000000e5600000,0x00000000e5600000,0x00000000e6100000)
 ParOldGen       total 80384K, used 15130K [0x00000000a0000000, 0x00000000a4e80000, 0x00000000e0000000)
  object space 80384K, 18% used [0x00000000a0000000,0x00000000a0ec6ae8,0x00000000a4e80000)
 Metaspace       used 41628K, capacity 42588K, committed 42880K, reserved 1085440K
  class space    used 5707K, capacity 5926K, committed 6016K, reserved 1048576K
Event: 24.532 GC heap after
Heap after GC invocations=13 (full 2):
 PSYoungGen      total 99328K, used 8653K [0x00000000e0000000, 0x00000000e9400000, 0x0000000100000000)
  eden space 88064K, 0% used [0x00000000e0000000,0x00000000e0000000,0x00000000e5600000)
  from space 11264K, 76% used [0x00000000e5600000,0x00000000e5e73538,0x00000000e6100000)
  to   space 11264K, 0% used [0x00000000e8900000,0x00000000e8900000,0x00000000e9400000)
 ParOldGen       total 80384K, used 15202K [0x00000000a0000000, 0x00000000a4e80000, 0x00000000e0000000)
  object space 80384K, 18% used [0x00000000a0000000,0x00000000a0ed8af8,0x00000000a4e80000)
 Metaspace       used 41628K, capacity 42588K, committed 42880K, reserved 1085440K
  class space    used 5707K, capacity 5926K, committed 6016K, reserved 1048576K
}
Event: 25.329 GC heap before
{Heap before GC invocations=14 (full 2):
 PSYoungGen      total 99328K, used 96717K [0x00000000e0000000, 0x00000000e9400000, 0x0000000100000000)
  eden space 88064K, 100% used [0x00000000e0000000,0x00000000e5600000,0x00000000e5600000)
  from space 11264K, 76% used [0x00000000e5600000,0x00000000e5e73538,0x00000000e6100000)
  to   space 11264K, 0% used [0x00000000e8900000,0x00000000e8900000,0x00000000e9400000)
 ParOldGen       total 80384K, used 15202K [0x00000000a0000000, 0x00000000a4e80000, 0x00000000e0000000)
  object space 80384K, 18% used [0x00000000a0000000,0x00000000a0ed8af8,0x00000000a4e80000)
 Metaspace       used 42007K, capacity 42948K, committed 43392K, reserved 1087488K
  class space    used 5720K, capacity 5932K, committed 6016K, reserved 1048576K
Event: 25.336 GC heap after
Heap after GC invocations=14 (full 2):
 PSYoungGen      total 138752K, used 9510K [0x00000000e0000000, 0x00000000e9480000, 0x0000000100000000)
  eden space 127488K, 0% used [0x00000000e0000000,0x00000000e0000000,0x00000000e7c80000)
  from space 11264K, 84% used [0x00000000e8900000,0x00000000e9249ae0,0x00000000e9400000)
  to   space 12288K, 0% used [0x00000000e7c80000,0x00000000e7c80000,0x00000000e8880000)
 ParOldGen       total 80384K, used 15210K [0x00000000a0000000, 0x00000000a4e80000, 0x00000000e0000000)
  object space 80384K, 18% used [0x00000000a0000000,0x00000000a0edaaf8,0x00000000a4e80000)
 Metaspace       used 42007K, capacity 42948K, committed 43392K, reserved 1087488K
  class space    used 5720K, capacity 5932K, committed 6016K, reserved 1048576K
}
Event: 31.344 GC heap before
{Heap before GC invocations=15 (full 2):
 PSYoungGen      total 138752K, used 136998K [0x00000000e0000000, 0x00000000e9480000, 0x0000000100000000)
  eden space 127488K, 100% used [0x00000000e0000000,0x00000000e7c80000,0x00000000e7c80000)
  from space 11264K, 84% used [0x00000000e8900000,0x00000000e9249ae0,0x00000000e9400000)
  to   space 12288K, 0% used [0x00000000e7c80000,0x00000000e7c80000,0x00000000e8880000)
 ParOldGen       total 80384K, used 15210K [0x00000000a0000000, 0x00000000a4e80000, 0x00000000e0000000)
  object space 80384K, 18% used [0x00000000a0000000,0x00000000a0edaaf8,0x00000000a4e80000)
 Metaspace       used 45463K, capacity 46692K, committed 46720K, reserved 1089536K
  class space    used 6241K, capacity 6526K, committed 6528K, reserved 1048576K
Event: 31.355 GC heap after
Heap after GC invocations=15 (full 2):
 PSYoungGen      total 139776K, used 12281K [0x00000000e0000000, 0x00000000e9480000, 0x0000000100000000)
  eden space 127488K, 0% used [0x00000000e0000000,0x00000000e0000000,0x00000000e7c80000)
  from space 12288K, 99% used [0x00000000e7c80000,0x00000000e887e6f0,0x00000000e8880000)
  to   space 11264K, 0% used [0x00000000e8900000,0x00000000e8900000,0x00000000e9400000)
 ParOldGen       total 80384K, used 18393K [0x00000000a0000000, 0x00000000a4e80000, 0x00000000e0000000)
  object space 80384K, 22% used [0x00000000a0000000,0x00000000a11f6580,0x00000000a4e80000)
 Metaspace       used 45463K, capacity 46692K, committed 46720K, reserved 1089536K
  class space    used 6241K, capacity 6526K, committed 6528K, reserved 1048576K
}
Event: 34.872 GC heap before
{Heap before GC invocations=16 (full 2):
 PSYoungGen      total 139776K, used 139769K [0x00000000e0000000, 0x00000000e9480000, 0x0000000100000000)
  eden space 127488K, 100% used [0x00000000e0000000,0x00000000e7c80000,0x00000000e7c80000)
  from space 12288K, 99% used [0x00000000e7c80000,0x00000000e887e6f0,0x00000000e8880000)
  to   space 11264K, 0% used [0x00000000e8900000,0x00000000e8900000,0x00000000e9400000)
 ParOldGen       total 80384K, used 18393K [0x00000000a0000000, 0x00000000a4e80000, 0x00000000e0000000)
  object space 80384K, 22% used [0x00000000a0000000,0x00000000a11f6580,0x00000000a4e80000)
 Metaspace       used 50472K, capacity 52096K, committed 52224K, reserved 1093632K
  class space    used 6980K, capacity 7366K, committed 7424K, reserved 1048576K
Event: 34.907 GC heap after
Heap after GC invocations=16 (full 2):
 PSYoungGen      total 138752K, used 11233K [0x00000000e0000000, 0x00000000e9480000, 0x0000000100000000)
  eden space 127488K, 0% used [0x00000000e0000000,0x00000000e0000000,0x00000000e7c80000)
  from space 11264K, 99% used [0x00000000e8900000,0x00000000e93f84e0,0x00000000e9400000)
  to   space 12288K, 0% used [0x00000000e7c80000,0x00000000e7c80000,0x00000000e8880000)
 ParOldGen       total 80384K, used 34574K [0x00000000a0000000, 0x00000000a4e80000, 0x00000000e0000000)
  object space 80384K, 43% used [0x00000000a0000000,0x00000000a21c3b90,0x00000000a4e80000)
 Metaspace       used 50472K, capacity 52096K, committed 52224K, reserved 1093632K
  class space    used 6980K, capacity 7366K, committed 7424K, reserved 1048576K
}

Deoptimization events (10 events):
Event: 34.713 Thread 0x000000001a0cc000 Uncommon trap: reason=unstable_if action=reinterpret pc=0x0000000002d4e430 method=org.codehaus.groovy.util.ReferenceManager$2.afterReferenceCreation(Lorg/codehaus/groovy/util/Reference;)V @ 8
Event: 34.761 Thread 0x000000001a0cc000 Uncommon trap: reason=unstable_if action=reinterpret pc=0x00000000039e90c4 method=org.codehaus.groovy.reflection.CachedClass.isAssignableFrom(Ljava/lang/Class;)Z @ 1
Event: 34.805 Thread 0x000000001a0cc000 Uncommon trap: reason=class_check action=maybe_recompile pc=0x0000000003159840 method=java.lang.Throwable.<init>(Ljava/lang/String;Ljava/lang/Throwable;)V @ 24
Event: 34.855 Thread 0x000000001a0cc000 Uncommon trap: reason=class_check action=maybe_recompile pc=0x0000000003485ed4 method=java.lang.reflect.Array.newInstance(Ljava/lang/Class;I)Ljava/lang/Object; @ 2
Event: 34.855 Thread 0x000000001a0cc000 Uncommon trap: reason=class_check action=maybe_recompile pc=0x0000000003485ed4 method=java.lang.reflect.Array.newInstance(Ljava/lang/Class;I)Ljava/lang/Object; @ 2
Event: 34.855 Thread 0x000000001a0cc000 Uncommon trap: reason=class_check action=maybe_recompile pc=0x0000000003485ed4 method=java.lang.reflect.Array.newInstance(Ljava/lang/Class;I)Ljava/lang/Object; @ 2
Event: 34.855 Thread 0x000000001a0cc000 Uncommon trap: reason=class_check action=maybe_recompile pc=0x0000000003485ed4 method=java.lang.reflect.Array.newInstance(Ljava/lang/Class;I)Ljava/lang/Object; @ 2
Event: 35.091 Thread 0x000000001a0cc000 Uncommon trap: reason=null_check action=make_not_entrant pc=0x0000000003aa4954 method=java.beans.PropertyDescriptor.findPropertyType(Ljava/lang/reflect/Method;Ljava/lang/reflect/Method;)Ljava/lang/Class; @ 157
Event: 35.154 Thread 0x000000001a0cc000 Uncommon trap: reason=class_check action=maybe_recompile pc=0x0000000003159840 method=java.lang.Throwable.<init>(Ljava/lang/String;Ljava/lang/Throwable;)V @ 24
Event: 35.154 Thread 0x000000001a0cc000 Uncommon trap: reason=class_check action=maybe_recompile pc=0x0000000003159840 method=java.lang.Throwable.<init>(Ljava/lang/String;Ljava/lang/Throwable;)V @ 24

Internal exceptions (10 events):
Event: 35.082 Thread 0x000000001a0cc000 Exception <a 'java/lang/ClassNotFoundException': groovy/lang/GroovyObjectBeanInfo> (0x00000000e0e1f890) thrown at [C:\re\workspace\8-2-build-windows-amd64-cygwin\jdk8u45\3627\hotspot\src\share\vm\classfile\systemDictionary.cpp, line 210]
Event: 35.082 Thread 0x000000001a0cc000 Exception <a 'java/lang/ClassNotFoundException': groovy/lang/GroovyObjectCustomizer> (0x00000000e0e2b308) thrown at [C:\re\workspace\8-2-build-windows-amd64-cygwin\jdk8u45\3627\hotspot\src\share\vm\classfile\systemDictionary.cpp, line 210]
Event: 35.084 Thread 0x000000001a0cc000 Exception <a 'java/lang/ClassNotFoundException': org/gradle/internal/component/external/model/DefaultModuleComponentArtifactIdentifierBeanInfo> (0x00000000e0e6e1c8) thrown at [C:\re\workspace\8-2-build-windows-amd64-cygwin\jdk8u45\3627\hotspot\src\share\vmŽ?f¯ÖŠA@
Event: 35.085 Thread 0x000000001a0cc000 Exception <a 'java/lang/ClassNotFoundException': org/gradle/internal/component/external/model/DefaultModuleComponentArtifactIdentifierCustomizer> (0x00000000e0e98098) thrown at [C:\re\workspace\8-2-build-windows-amd64-cygwin\jdk8u45\3627\hotspot\src\share\Äþ:p‹A@
Event: 35.089 Thread 0x000000001a0cc000 Exception <a 'java/lang/ClassNotFoundException': org/jetbrains/plugins/gradle/model/DefaultExternalLibraryDependencyBeanInfo> (0x00000000e0ee19c8) thrown at [C:\re\workspace\8-2-build-windows-amd64-cygwin\jdk8u45\3627\hotspot\src\share\vm\classfile\systemD¶³b‚‹A@
Event: 35.090 Thread 0x000000001a0cc000 Exception <a 'java/lang/ClassNotFoundException': org/jetbrains/plugins/gradle/model/AbstractExternalDependencyBeanInfo> (0x00000000e0eefd38) thrown at [C:\re\workspace\8-2-build-windows-amd64-cygwin\jdk8u45\3627\hotspot\src\share\vm\classfile\systemDiction
Event: 35.090 Thread 0x000000001a0cc000 Exception <a 'java/lang/ClassNotFoundException': org/jetbrains/plugins/gradle/model/AbstractExternalDependencyCustomizer> (0x00000000e0efddd8) thrown at [C:\re\workspace\8-2-build-windows-amd64-cygwin\jdk8u45\3627\hotspot\src\share\vm\classfile\systemDictijÒµò²‹A@
Event: 35.091 Thread 0x000000001a0cc000 Exception <a 'java/lang/ClassNotFoundException': org/jetbrains/plugins/gradle/model/DefaultExternalLibraryDependencyCustomizer> (0x00000000e0f28e90) thrown at [C:\re\workspace\8-2-build-windows-amd64-cygwin\jdk8u45\3627\hotspot\src\share\vm\classfile\systeD;˜+ŽA@
Event: 35.110 Thread 0x000000001a0cc000 Exception <a 'java/lang/ClassNotFoundException': org/gradle/api/internal/artifacts/result/DefaultResolvedArtifactResultBeanInfo> (0x00000000e0ffd8e0) thrown at [C:\re\workspace\8-2-build-windows-amd64-cygwin\jdk8u45\3627\hotspot\src\share\vm\classfile\systÐñË.ŽA@
Event: 35.111 Thread 0x000000001a0cc000 Exception <a 'java/lang/ClassNotFoundException': org/gradle/api/internal/artifacts/result/DefaultResolvedArtifactResultCustomizer> (0x00000000e10289d0) thrown at [C:\re\workspace\8-2-build-windows-amd64-cygwin\jdk8u45\3627\hotspot\src\share\vm\classfile\syØ"/³}ŠA@

Events (10 events):
Event: 35.212 loading class com/android/build/gradle/internal/model/AndroidArtifactImpl
Event: 35.212 loading class com/android/build/gradle/internal/model/AndroidArtifactImpl done
Event: 35.213 loading class com/android/build/gradle/internal/model/BaseArtifactImpl
Event: 35.213 loading class com/android/build/gradle/internal/model/BaseArtifactImpl done
Event: 35.216 loading class com/android/ide/common/caching/CreatingCache$ValueState
Event: 35.216 loading class com/android/ide/common/caching/CreatingCache$ValueState done
Event: 35.217 loading class com/android/ide/common/caching/CreatingCache$State
Event: 35.217 loading class com/android/ide/common/caching/CreatingCache$State done
Event: 35.217 loading class com/android/ide/common/caching/CreatingCache$1
Event: 35.217 loading class com/android/ide/common/caching/CreatingCache$1 done


Dynamic libraries:
0x00007ff79c730000 - 0x00007ff79c767000 	C:\Program Files\Java\jdk1.8.0_45\bin\java.exe
0x00007ff913bf0000 - 0x00007ff913dc1000 	C:\WINDOWS\SYSTEM32\ntdll.dll
0x00007ff911280000 - 0x00007ff91132b000 	C:\WINDOWS\System32\KERNEL32.DLL
0x00007ff9105a0000 - 0x00007ff9107bd000 	C:\WINDOWS\System32\KERNELBASE.dll
0x00007ff911330000 - 0x00007ff9113d2000 	C:\WINDOWS\System32\ADVAPI32.dll
0x00007ff9116b0000 - 0x00007ff91174e000 	C:\WINDOWS\System32\msvcrt.dll
0x00007ff913890000 - 0x00007ff9138e9000 	C:\WINDOWS\System32\sechost.dll
0x00007ff9139a0000 - 0x00007ff913ac1000 	C:\WINDOWS\System32\RPCRT4.dll
0x00007ff913510000 - 0x00007ff913675000 	C:\WINDOWS\System32\USER32.dll
0x00007ff911160000 - 0x00007ff91117e000 	C:\WINDOWS\System32\win32u.dll
0x00007ff911750000 - 0x00007ff911784000 	C:\WINDOWS\System32\GDI32.dll
0x00007ff9100e0000 - 0x00007ff910262000 	C:\WINDOWS\System32\gdi32full.dll
0x00007ff907530000 - 0x00007ff9077a9000 	C:\WINDOWS\WinSxS\amd64_microsoft.windows.common-controls_6595b64144ccf1df_6.0.14393.447_none_42191651c6827bb3\COMCTL32.dll
0x00007ff913240000 - 0x00007ff913508000 	C:\WINDOWS\System32\combase.dll
0x00007ff9102d0000 - 0x00007ff9103c5000 	C:\WINDOWS\System32\ucrtbase.dll
0x00007ff910810000 - 0x00007ff91087a000 	C:\WINDOWS\System32\bcryptPrimitives.dll
0x00007ff9138f0000 - 0x00007ff91391e000 	C:\WINDOWS\System32\IMM32.DLL
0x0000000064370000 - 0x0000000064442000 	C:\Program Files\Java\jdk1.8.0_45\jre\bin\msvcr100.dll
0x0000000063ae0000 - 0x0000000064363000 	C:\Program Files\Java\jdk1.8.0_45\jre\bin\server\jvm.dll
0x00007ff913ae0000 - 0x00007ff913ae8000 	C:\WINDOWS\System32\PSAPI.DLL
0x00007ff90e1e0000 - 0x00007ff90e203000 	C:\WINDOWS\SYSTEM32\WINMM.dll
0x00007ff90ac30000 - 0x00007ff90ac39000 	C:\WINDOWS\SYSTEM32\WSOCK32.dll
0x00007ff909e30000 - 0x00007ff909e3a000 	C:\WINDOWS\SYSTEM32\VERSION.dll
0x00007ff913680000 - 0x00007ff9136ea000 	C:\WINDOWS\System32\WS2_32.dll
0x0000000002300000 - 0x000000000232b000 	C:\WINDOWS\SYSTEM32\WINMMBASE.dll
0x00007ff9107c0000 - 0x00007ff910802000 	C:\WINDOWS\System32\cfgmgr32.dll
0x0000000063ad0000 - 0x0000000063adf000 	C:\Program Files\Java\jdk1.8.0_45\jre\bin\verify.dll
0x0000000063aa0000 - 0x0000000063ac9000 	C:\Program Files\Java\jdk1.8.0_45\jre\bin\java.dll
0x0000000063a80000 - 0x0000000063a96000 	C:\Program Files\Java\jdk1.8.0_45\jre\bin\zip.dll
0x00007ff911d30000 - 0x00007ff913239000 	C:\WINDOWS\System32\SHELL32.dll
0x00007ff910880000 - 0x00007ff910f5a000 	C:\WINDOWS\System32\windows.storage.dll
0x00007ff910090000 - 0x00007ff9100dc000 	C:\WINDOWS\System32\powrprof.dll
0x00007ff913920000 - 0x00007ff913972000 	C:\WINDOWS\System32\shlwapi.dll
0x00007ff910060000 - 0x00007ff91006f000 	C:\WINDOWS\System32\kernel.appcore.dll
0x00007ff9110b0000 - 0x00007ff911159000 	C:\WINDOWS\System32\shcore.dll
0x00007ff910070000 - 0x00007ff910084000 	C:\WINDOWS\System32\profapi.dll
0x0000000063a60000 - 0x0000000063a7a000 	C:\Program Files\Java\jdk1.8.0_45\jre\bin\net.dll
0x00007ff90f920000 - 0x00007ff90f97c000 	C:\WINDOWS\system32\mswsock.dll
0x0000000063a40000 - 0x0000000063a51000 	C:\Program Files\Java\jdk1.8.0_45\jre\bin\nio.dll
0x00007ff90b350000 - 0x00007ff90b362000 	C:\Users\ASUS\.gradle\native\19\windows-amd64\native-platform.dll
0x00007ff90fac0000 - 0x00007ff90fad7000 	C:\WINDOWS\SYSTEM32\CRYPTSP.dll
0x00007ff90f530000 - 0x00007ff90f563000 	C:\WINDOWS\system32\rsaenh.dll
0x00007ff90ff90000 - 0x00007ff90ffbb000 	C:\WINDOWS\SYSTEM32\bcrypt.dll
0x00007ff90f7a0000 - 0x00007ff90f7bf000 	C:\WINDOWS\SYSTEM32\USERENV.dll
0x00007ff90fae0000 - 0x00007ff90faeb000 	C:\WINDOWS\SYSTEM32\CRYPTBASE.dll
0x00007ff90f6b0000 - 0x00007ff90f6e8000 	C:\WINDOWS\SYSTEM32\IPHLPAPI.DLL
0x00007ff913ad0000 - 0x00007ff913ad8000 	C:\WINDOWS\System32\NSI.dll
0x00007ff907bc0000 - 0x00007ff907bd6000 	C:\WINDOWS\SYSTEM32\dhcpcsvc6.DLL
0x00007ff909170000 - 0x00007ff90918a000 	C:\WINDOWS\SYSTEM32\dhcpcsvc.DLL
0x0000000063a30000 - 0x0000000063a3d000 	C:\Program Files\Java\jdk1.8.0_45\jre\bin\management.dll
0x00007ff8fe3b0000 - 0x00007ff8fe542000 	C:\WINDOWS\SYSTEM32\dbghelp.dll

VM Arguments:
jvm_args: -Xmx1536m -Dfile.encoding=windows-1252 -Duser.country=CO -Duser.language=es -Duser.variant 
java_command: org.gradle.launcher.daemon.bootstrap.GradleDaemon 2.14.1
java_class_path (initial): C:\Users\ASUS\.gradle\wrapper\dists\gradle-2.14.1-all\8bnwg5hd3w55iofp58khbp6yv\gradle-2.14.1\lib\gradle-launcher-2.14.1.jar
Launcher Type: SUN_STANDARD

Environment Variables:
JAVA_HOME=C:\Program Files\Java\jdk1.8.0_45
PATH=C:\Program Files (x86)\Common Files\Intel\Shared Files\cpp\bin\Intel64;C:\ProgramData\Oracle\Java\javapath;C:\Program Files (x86)\Intel\iCLS Client\;C:\Program Files\Intel\iCLS Client\;C:\Program Files (x86)\NVIDIA Corporation\PhysX\Common;C:\WINDOWS\system32;C:\WINDOWS;C:\WINDOWS\System32\Wbem;C:\WINDOWS\System32\WindowsPowerShell\v1.0\;C:\Program Files\Intel\Intel(R) Management Engine Components\DAL;C:\Program Files\Intel\Intel(R) Management Engine Components\IPT;C:\Program Files (x86)\Intel\Intel(R) Management Engine Components\DAL;C:\Program Files (x86)\Intel\Intel(R) Management Engine Components\IPT;C:\Program Files\Intel\WiFi\bin\;C:\Program Files\Common Files\Intel\WirelessCommon\;C:\Program Files (x86)\Microchip\MPLAB C32 Suite\bin;C:\Program Files (x86)\Microchip\MPLAB IDE\VDI;C:\Program Files (x86)\Windows Kits\8.1\Windows Performance Toolkit\;C:\Program Files (x86)\Microsoft SDKs\TypeScript\1.0\;C:\PROGRA~2\PICC;C:\Program Files (x86)\Skype\Phone\;C:\Users\ASUS\AppData\Local\Android\sdk\platform-tools;C:\Program Files\Java\jdk1.8.0_45\bin;C:\Program Files\Intel\WiFi\bin\;C:\Program Files\Common Files\Intel\WirelessCommon\;%USERPROFILE%\AppData\Local\Microsoft\WindowsApps;
USERNAME=ASUS
OS=Windows_NT
PROCESSOR_IDENTIFIER=Intel64 Family 6 Model 60 Stepping 3, GenuineIntel



---------------  S Y S T E M  ---------------

OS: Windows 10.0 , 64 bit Build 14393 (10.0.14393.0)

CPU:total 8 (4 cores per cpu, 2 threads per core) family 6 model 60 stepping 3, cmov, cx8, fxsr, mmx, sse, sse2, sse3, ssse3, sse4.1, sse4.2, popcnt, avx, avx2, aes, clmul, erms, lzcnt, ht, tsc, tscinvbit, bmi1, bmi2

Memory: 4k page, physical 8268904k(659508k free), swap 8268904k(7124k free)

vm_info: Java HotSpot(TM) 64-Bit Server VM (25.45-b02) for windows-amd64 JRE (1.8.0_45-b15), built on Apr 30 2015 12:40:44 by "java_re" with MS VC++ 10.0 (VS2010)

time: Mon Jan 16 16:32:20 2017
elapsed time: 35 seconds (0d 0h 0m 35s)

